<?xml version="1.0" encoding="UTF-8"?>
<!-- Generated by org.testng.reporters.JUnitXMLReporter -->
<testsuite ignored="0" hostname="LAPTOP-088GH95J" failures="3" tests="6" name="Test" time="30.498" errors="0" timestamp="2022-06-24T13:48:12 EDT">
  <testcase classname="com.RCCTest.TestCases.TC_MyPortalTest_100" name="myPortal" time="2.621"/>
  <testcase classname="com.RCCTest.TestCases.TC_MyPortalDDTest_100" name="loginDDT" time="2.509"/>
  <testcase classname="com.RCCTest.TestCases.TC_MyPortalDDTest_100" name="loginDDT" time="0.317">
    <failure type="java.lang.AssertionError" message="expected [true] but found [false]">
      <![CDATA[java.lang.AssertionError: expected [true] but found [false]
at com.RCCTest.TestCases.TC_MyPortalDDTest_100.loginDDT(TC_MyPortalDDTest_100.java:37)
at java.base/java.util.ArrayList.forEach(ArrayList.java:1541)
... Removed 31 stack frames]]>
    </failure>
  </testcase> <!-- loginDDT -->
  <testcase classname="com.RCCTest.TestCases.TC_MyPortalDDTest_100" name="loginDDT" time="0.275">
    <failure type="java.lang.AssertionError" message="expected [true] but found [false]">
      <![CDATA[java.lang.AssertionError: expected [true] but found [false]
at com.RCCTest.TestCases.TC_MyPortalDDTest_100.loginDDT(TC_MyPortalDDTest_100.java:37)
at java.base/java.util.ArrayList.forEach(ArrayList.java:1541)
... Removed 31 stack frames]]>
    </failure>
  </testcase> <!-- loginDDT -->
  <testcase classname="com.RCCTest.TestCases.TC_MyPortalDDTest_100" name="loginDDT" time="0.272">
    <failure type="java.lang.AssertionError" message="expected [true] but found [false]">
      <![CDATA[java.lang.AssertionError: expected [true] but found [false]
at com.RCCTest.TestCases.TC_MyPortalDDTest_100.loginDDT(TC_MyPortalDDTest_100.java:37)
at java.base/java.util.ArrayList.forEach(ArrayList.java:1541)
... Removed 31 stack frames]]>
    </failure>
  </testcase> <!-- loginDDT -->
  <testcase classname="com.RCCTest.TestCases.TC_StudentPortal_101" name="StudentPortal" time="13.767"/>
</testsuite> <!-- Test -->
